0 info it worked if it ends with ok
1 verbose cli [ '/usr/bin/node', '/usr/bin/npm', 'install' ]
2 info using npm@3.5.2
3 info using node@v8.10.0
4 silly loadCurrentTree Starting
5 silly install loadCurrentTree
6 silly install readLocalPackageData
7 silly install normalizeTree
8 silly loadCurrentTree Finishing
9 silly loadIdealTree Starting
10 silly install loadIdealTree
11 silly cloneCurrentTree Starting
12 silly install cloneCurrentTreeToIdealTree
13 silly cloneCurrentTree Finishing
14 silly loadShrinkwrap Starting
15 silly install loadShrinkwrap
16 silly loadShrinkwrap Finishing
17 silly loadAllDepsIntoIdealTree Starting
18 silly install loadAllDepsIntoIdealTree
19 silly fetchNamedPackageData @emotion/cache
20 silly mapToRegistry name @emotion/cache
21 silly mapToRegistry scope (from package name) @emotion
22 verbose mapToRegistry no registry URL found in name for scope @emotion
23 silly mapToRegistry using default registry
24 silly mapToRegistry registry https://registry.npmjs.org/
25 silly mapToRegistry uri https://registry.npmjs.org/@emotion%2fcache
26 silly fetchNamedPackageData @emotion/react
27 silly mapToRegistry name @emotion/react
28 silly mapToRegistry scope (from package name) @emotion
29 verbose mapToRegistry no registry URL found in name for scope @emotion
30 silly mapToRegistry using default registry
31 silly mapToRegistry registry https://registry.npmjs.org/
32 silly mapToRegistry uri https://registry.npmjs.org/@emotion%2freact
33 silly fetchNamedPackageData @emotion/styled
34 silly mapToRegistry name @emotion/styled
35 silly mapToRegistry scope (from package name) @emotion
36 verbose mapToRegistry no registry URL found in name for scope @emotion
37 silly mapToRegistry using default registry
38 silly mapToRegistry registry https://registry.npmjs.org/
39 silly mapToRegistry uri https://registry.npmjs.org/@emotion%2fstyled
40 silly fetchNamedPackageData @mui/icons-material
41 silly mapToRegistry name @mui/icons-material
42 silly mapToRegistry scope (from package name) @mui
43 verbose mapToRegistry no registry URL found in name for scope @mui
44 silly mapToRegistry using default registry
45 silly mapToRegistry registry https://registry.npmjs.org/
46 silly mapToRegistry uri https://registry.npmjs.org/@mui%2ficons-material
47 silly fetchNamedPackageData @mui/material
48 silly mapToRegistry name @mui/material
49 silly mapToRegistry scope (from package name) @mui
50 verbose mapToRegistry no registry URL found in name for scope @mui
51 silly mapToRegistry using default registry
52 silly mapToRegistry registry https://registry.npmjs.org/
53 silly mapToRegistry uri https://registry.npmjs.org/@mui%2fmaterial
54 silly fetchNamedPackageData @mui/styled-engine
55 silly mapToRegistry name @mui/styled-engine
56 silly mapToRegistry scope (from package name) @mui
57 verbose mapToRegistry no registry URL found in name for scope @mui
58 silly mapToRegistry using default registry
59 silly mapToRegistry registry https://registry.npmjs.org/
60 silly mapToRegistry uri https://registry.npmjs.org/@mui%2fstyled-engine
61 silly fetchNamedPackageData @mui/styles
62 silly mapToRegistry name @mui/styles
63 silly mapToRegistry scope (from package name) @mui
64 verbose mapToRegistry no registry URL found in name for scope @mui
65 silly mapToRegistry using default registry
66 silly mapToRegistry registry https://registry.npmjs.org/
67 silly mapToRegistry uri https://registry.npmjs.org/@mui%2fstyles
68 silly fetchNamedPackageData @testing-library/jest-dom
69 silly mapToRegistry name @testing-library/jest-dom
70 silly mapToRegistry scope (from package name) @testing-library
71 verbose mapToRegistry no registry URL found in name for scope @testing-library
72 silly mapToRegistry using default registry
73 silly mapToRegistry registry https://registry.npmjs.org/
74 silly mapToRegistry uri https://registry.npmjs.org/@testing-library%2fjest-dom
75 silly fetchNamedPackageData @testing-library/react
76 silly mapToRegistry name @testing-library/react
77 silly mapToRegistry scope (from package name) @testing-library
78 verbose mapToRegistry no registry URL found in name for scope @testing-library
79 silly mapToRegistry using default registry
80 silly mapToRegistry registry https://registry.npmjs.org/
81 silly mapToRegistry uri https://registry.npmjs.org/@testing-library%2freact
82 silly fetchNamedPackageData @testing-library/user-event
83 silly mapToRegistry name @testing-library/user-event
84 silly mapToRegistry scope (from package name) @testing-library
85 verbose mapToRegistry no registry URL found in name for scope @testing-library
86 silly mapToRegistry using default registry
87 silly mapToRegistry registry https://registry.npmjs.org/
88 silly mapToRegistry uri https://registry.npmjs.org/@testing-library%2fuser-event
89 silly fetchNamedPackageData axios
90 silly mapToRegistry name axios
91 silly mapToRegistry using default registry
92 silly mapToRegistry registry https://registry.npmjs.org/
93 silly mapToRegistry uri https://registry.npmjs.org/axios
94 silly fetchNamedPackageData chart.js
95 silly mapToRegistry name chart.js
96 silly mapToRegistry using default registry
97 silly mapToRegistry registry https://registry.npmjs.org/
98 silly mapToRegistry uri https://registry.npmjs.org/chart.js
99 silly fetchNamedPackageData chroma-js
100 silly mapToRegistry name chroma-js
101 silly mapToRegistry using default registry
102 silly mapToRegistry registry https://registry.npmjs.org/
103 silly mapToRegistry uri https://registry.npmjs.org/chroma-js
104 silly fetchNamedPackageData clsx
105 silly mapToRegistry name clsx
106 silly mapToRegistry using default registry
107 silly mapToRegistry registry https://registry.npmjs.org/
108 silly mapToRegistry uri https://registry.npmjs.org/clsx
109 silly fetchNamedPackageData jss
110 silly mapToRegistry name jss
111 silly mapToRegistry using default registry
112 silly mapToRegistry registry https://registry.npmjs.org/
113 silly mapToRegistry uri https://registry.npmjs.org/jss
114 silly fetchNamedPackageData jss-rtl
115 silly mapToRegistry name jss-rtl
116 silly mapToRegistry using default registry
117 silly mapToRegistry registry https://registry.npmjs.org/
118 silly mapToRegistry uri https://registry.npmjs.org/jss-rtl
119 silly fetchNamedPackageData prop-types
120 silly mapToRegistry name prop-types
121 silly mapToRegistry using default registry
122 silly mapToRegistry registry https://registry.npmjs.org/
123 silly mapToRegistry uri https://registry.npmjs.org/prop-types
124 silly fetchNamedPackageData react
125 silly mapToRegistry name react
126 silly mapToRegistry using default registry
127 silly mapToRegistry registry https://registry.npmjs.org/
128 silly mapToRegistry uri https://registry.npmjs.org/react
129 silly fetchNamedPackageData react-bootstrap-sweetalert
130 silly mapToRegistry name react-bootstrap-sweetalert
131 silly mapToRegistry using default registry
132 silly mapToRegistry registry https://registry.npmjs.org/
133 silly mapToRegistry uri https://registry.npmjs.org/react-bootstrap-sweetalert
134 silly fetchNamedPackageData react-chartjs-2
135 silly mapToRegistry name react-chartjs-2
136 silly mapToRegistry using default registry
137 silly mapToRegistry registry https://registry.npmjs.org/
138 silly mapToRegistry uri https://registry.npmjs.org/react-chartjs-2
139 silly fetchNamedPackageData react-countup
140 silly mapToRegistry name react-countup
141 silly mapToRegistry using default registry
142 silly mapToRegistry registry https://registry.npmjs.org/
143 silly mapToRegistry uri https://registry.npmjs.org/react-countup
144 silly fetchNamedPackageData react-dom
145 silly mapToRegistry name react-dom
146 silly mapToRegistry using default registry
147 silly mapToRegistry registry https://registry.npmjs.org/
148 silly mapToRegistry uri https://registry.npmjs.org/react-dom
149 silly fetchNamedPackageData react-flatpickr
150 silly mapToRegistry name react-flatpickr
151 silly mapToRegistry using default registry
152 silly mapToRegistry registry https://registry.npmjs.org/
153 silly mapToRegistry uri https://registry.npmjs.org/react-flatpickr
154 silly fetchNamedPackageData react-github-btn
155 silly mapToRegistry name react-github-btn
156 silly mapToRegistry using default registry
157 silly mapToRegistry registry https://registry.npmjs.org/
158 silly mapToRegistry uri https://registry.npmjs.org/react-github-btn
159 silly fetchNamedPackageData react-router-dom
160 silly mapToRegistry name react-router-dom
161 silly mapToRegistry using default registry
162 silly mapToRegistry registry https://registry.npmjs.org/
163 silly mapToRegistry uri https://registry.npmjs.org/react-router-dom
164 silly fetchNamedPackageData react-scripts
165 silly mapToRegistry name react-scripts
166 silly mapToRegistry using default registry
167 silly mapToRegistry registry https://registry.npmjs.org/
168 silly mapToRegistry uri https://registry.npmjs.org/react-scripts
169 silly fetchNamedPackageData stylis
170 silly mapToRegistry name stylis
171 silly mapToRegistry using default registry
172 silly mapToRegistry registry https://registry.npmjs.org/
173 silly mapToRegistry uri https://registry.npmjs.org/stylis
174 silly fetchNamedPackageData stylis-plugin-rtl
175 silly mapToRegistry name stylis-plugin-rtl
176 silly mapToRegistry using default registry
177 silly mapToRegistry registry https://registry.npmjs.org/
178 silly mapToRegistry uri https://registry.npmjs.org/stylis-plugin-rtl
179 silly fetchNamedPackageData web-vitals
180 silly mapToRegistry name web-vitals
181 silly mapToRegistry using default registry
182 silly mapToRegistry registry https://registry.npmjs.org/
183 silly mapToRegistry uri https://registry.npmjs.org/web-vitals
184 verbose request uri https://registry.npmjs.org/@emotion%2freact
185 verbose request no auth needed
186 info attempt registry request try #1 at 5:00:37 PM
187 verbose request id c5bb76cb652cdbf9
188 verbose etag W/"b1f1b29b2cf05e56da5fa14e94102d6a"
189 verbose lastModified Wed, 06 Apr 2022 07:24:42 GMT
190 http request GET https://registry.npmjs.org/@emotion%2freact
191 verbose request uri https://registry.npmjs.org/@emotion%2fcache
192 verbose request no auth needed
193 info attempt registry request try #1 at 5:00:37 PM
194 verbose etag W/"5c1a643928ac815c5f26016ab39c7507"
195 verbose lastModified Tue, 05 Apr 2022 07:35:28 GMT
196 http request GET https://registry.npmjs.org/@emotion%2fcache
197 verbose request uri https://registry.npmjs.org/@mui%2fmaterial
198 verbose request no auth needed
199 info attempt registry request try #1 at 5:00:37 PM
200 verbose etag W/"3a8df4e7de7818e7933f91081d00d62c"
201 verbose lastModified Wed, 06 Apr 2022 06:53:14 GMT
202 http request GET https://registry.npmjs.org/@mui%2fmaterial
203 verbose request uri https://registry.npmjs.org/@mui%2fstyled-engine
204 verbose request no auth needed
205 info attempt registry request try #1 at 5:00:37 PM
206 verbose etag W/"5ce03291e900bd50ef8b3cb8bfdaceda"
207 verbose lastModified Wed, 06 Apr 2022 06:53:16 GMT
208 http request GET https://registry.npmjs.org/@mui%2fstyled-engine
209 verbose request uri https://registry.npmjs.org/@emotion%2fstyled
210 verbose request no auth needed
211 info attempt registry request try #1 at 5:00:37 PM
212 verbose etag W/"1d204ea85f76080065a6ef73fd366f48"
213 verbose lastModified Tue, 05 Apr 2022 07:35:34 GMT
214 http request GET https://registry.npmjs.org/@emotion%2fstyled
215 verbose request uri https://registry.npmjs.org/@mui%2fstyles
216 verbose request no auth needed
217 info attempt registry request try #1 at 5:00:37 PM
218 verbose etag W/"dfe48bc705127c2fcf8c1da9c6504a74"
219 verbose lastModified Wed, 06 Apr 2022 06:53:16 GMT
220 http request GET https://registry.npmjs.org/@mui%2fstyles
221 verbose request uri https://registry.npmjs.org/@mui%2ficons-material
222 verbose request no auth needed
223 info attempt registry request try #1 at 5:00:37 PM
224 verbose etag W/"c1b289854d1065315fa9f7025f90bc2d"
225 verbose lastModified Wed, 06 Apr 2022 06:53:13 GMT
226 http request GET https://registry.npmjs.org/@mui%2ficons-material
227 verbose request uri https://registry.npmjs.org/axios
228 verbose request no auth needed
229 info attempt registry request try #1 at 5:00:37 PM
230 verbose etag W/"9ccba6b69babbe494fe13a13ef63bdb2"
231 verbose lastModified Fri, 25 Mar 2022 05:45:55 GMT
232 http request GET https://registry.npmjs.org/axios
233 verbose request uri https://registry.npmjs.org/@testing-library%2fjest-dom
234 verbose request no auth needed
235 info attempt registry request try #1 at 5:00:37 PM
236 verbose etag W/"ada6215402f40e0bb81b186a1956ff9a"
237 verbose lastModified Thu, 07 Apr 2022 05:22:24 GMT
238 http request GET https://registry.npmjs.org/@testing-library%2fjest-dom
239 verbose request uri https://registry.npmjs.org/chroma-js
240 verbose request no auth needed
241 info attempt registry request try #1 at 5:00:37 PM
242 verbose etag W/"f0cbc7284a2470f7d2d2dd64d44ab4e9"
243 verbose lastModified Thu, 03 Feb 2022 00:55:34 GMT
244 http request GET https://registry.npmjs.org/chroma-js
245 verbose request uri https://registry.npmjs.org/clsx
246 verbose request no auth needed
247 info attempt registry request try #1 at 5:00:37 PM
248 verbose etag W/"fe65ce746ac26ccbceb52f98af97eb36"
249 verbose lastModified Sat, 30 May 2020 06:26:12 GMT
250 http request GET https://registry.npmjs.org/clsx
251 verbose request uri https://registry.npmjs.org/chart.js
252 verbose request no auth needed
253 info attempt registry request try #1 at 5:00:37 PM
254 verbose etag W/"65690b4cd79aef2bb7c8f8d0b13debba"
255 verbose lastModified Sat, 12 Feb 2022 14:54:27 GMT
256 http request GET https://registry.npmjs.org/chart.js
257 verbose request uri https://registry.npmjs.org/jss-rtl
258 verbose request no auth needed
259 info attempt registry request try #1 at 5:00:37 PM
260 verbose etag W/"ae9d76410fd975a3597c15f7b4c17c7c"
261 verbose lastModified Mon, 23 Sep 2019 18:17:27 GMT
262 http request GET https://registry.npmjs.org/jss-rtl
263 verbose request uri https://registry.npmjs.org/prop-types
264 verbose request no auth needed
265 info attempt registry request try #1 at 5:00:37 PM
266 verbose etag W/"976cafc9afd2a3fc94bbc8228926a9f0"
267 verbose lastModified Mon, 04 Apr 2022 23:47:19 GMT
268 http request GET https://registry.npmjs.org/prop-types
269 verbose request uri https://registry.npmjs.org/jss
270 verbose request no auth needed
271 info attempt registry request try #1 at 5:00:37 PM
272 verbose etag W/"7133b73f51374cdf797d079911831e85"
273 verbose lastModified Wed, 08 Dec 2021 10:24:30 GMT
274 http request GET https://registry.npmjs.org/jss
275 verbose request uri https://registry.npmjs.org/react-chartjs-2
276 verbose request no auth needed
277 info attempt registry request try #1 at 5:00:37 PM
278 verbose etag W/"b496af9527e866b7835f35698801d78b"
279 verbose lastModified Thu, 07 Apr 2022 20:48:53 GMT
280 http request GET https://registry.npmjs.org/react-chartjs-2
281 verbose request uri https://registry.npmjs.org/@testing-library%2freact
282 verbose request no auth needed
283 info attempt registry request try #1 at 5:00:37 PM
284 verbose etag W/"8b09823af61f4a1f100aa3f6678eeaed"
285 verbose lastModified Thu, 07 Apr 2022 05:22:27 GMT
286 http request GET https://registry.npmjs.org/@testing-library%2freact
287 verbose request uri https://registry.npmjs.org/react-bootstrap-sweetalert
288 verbose request no auth needed
289 info attempt registry request try #1 at 5:00:37 PM
290 verbose etag W/"bb7bd3fb814432734fc91e8dacd74dbb"
291 verbose lastModified Sat, 25 Jul 2020 21:20:22 GMT
292 http request GET https://registry.npmjs.org/react-bootstrap-sweetalert
293 verbose request uri https://registry.npmjs.org/react-flatpickr
294 verbose request no auth needed
295 info attempt registry request try #1 at 5:00:37 PM
296 verbose etag W/"f7eaf3f59367968edebadc1321130f4f"
297 verbose lastModified Wed, 06 Apr 2022 16:43:05 GMT
298 http request GET https://registry.npmjs.org/react-flatpickr
299 verbose request uri https://registry.npmjs.org/react-countup
300 verbose request no auth needed
301 info attempt registry request try #1 at 5:00:37 PM
302 verbose etag W/"0747577cd73873d78d90769bc677fe91"
303 verbose lastModified Sat, 02 Apr 2022 19:18:37 GMT
304 http request GET https://registry.npmjs.org/react-countup
305 verbose request uri https://registry.npmjs.org/react-github-btn
306 verbose request no auth needed
307 info attempt registry request try #1 at 5:00:37 PM
308 verbose etag W/"745aed55335f31a243c19b76b12c4e0f"
309 verbose lastModified Mon, 28 Mar 2022 17:33:23 GMT
310 http request GET https://registry.npmjs.org/react-github-btn
311 verbose request uri https://registry.npmjs.org/react-router-dom
312 verbose request no auth needed
313 info attempt registry request try #1 at 5:00:37 PM
314 verbose etag W/"f2ecdad5d461da4e186529800ad7e053"
315 verbose lastModified Thu, 31 Mar 2022 19:46:54 GMT
316 http request GET https://registry.npmjs.org/react-router-dom
317 verbose request uri https://registry.npmjs.org/stylis
318 verbose request no auth needed
319 info attempt registry request try #1 at 5:00:37 PM
320 verbose etag W/"af7f24c60f13094d1fc33c046cd41c7c"
321 verbose lastModified Sun, 03 Apr 2022 08:49:54 GMT
322 http request GET https://registry.npmjs.org/stylis
323 verbose request uri https://registry.npmjs.org/@testing-library%2fuser-event
324 verbose request no auth needed
325 info attempt registry request try #1 at 5:00:37 PM
326 verbose etag W/"f26a10b39d7ef3f9507368f68f862953"
327 verbose lastModified Thu, 07 Apr 2022 05:22:30 GMT
328 http request GET https://registry.npmjs.org/@testing-library%2fuser-event
329 verbose request uri https://registry.npmjs.org/stylis-plugin-rtl
330 verbose request no auth needed
331 info attempt registry request try #1 at 5:00:37 PM
332 verbose etag W/"b0170ba343a5a38ca5823339cb75e6af"
333 verbose lastModified Mon, 10 Jan 2022 05:33:44 GMT
334 http request GET https://registry.npmjs.org/stylis-plugin-rtl
335 verbose request uri https://registry.npmjs.org/react-scripts
336 verbose request no auth needed
337 info attempt registry request try #1 at 5:00:37 PM
338 verbose etag W/"28de253c44489d4b1256b7e8ca09af04"
339 verbose lastModified Fri, 18 Mar 2022 09:45:32 GMT
340 http request GET https://registry.npmjs.org/react-scripts
341 verbose request uri https://registry.npmjs.org/web-vitals
342 verbose request no auth needed
343 info attempt registry request try #1 at 5:00:37 PM
344 verbose etag W/"cb8618bafd3b7d77827248a3f1141d8a"
345 verbose lastModified Fri, 21 Jan 2022 02:10:28 GMT
346 http request GET https://registry.npmjs.org/web-vitals
347 verbose request uri https://registry.npmjs.org/react
348 verbose request no auth needed
349 info attempt registry request try #1 at 5:00:37 PM
350 verbose etag W/"c3add0559fb6fecae5c6e82d3cda7a58"
351 verbose lastModified Sun, 10 Apr 2022 00:38:13 GMT
352 http request GET https://registry.npmjs.org/react
353 verbose request uri https://registry.npmjs.org/react-dom
354 verbose request no auth needed
355 info attempt registry request try #1 at 5:00:37 PM
356 verbose etag W/"fae6f316d97ba869a25235463755f087"
357 verbose lastModified Fri, 08 Apr 2022 16:14:26 GMT
358 http request GET https://registry.npmjs.org/react-dom
359 http 304 https://registry.npmjs.org/react-github-btn
360 verbose headers { date: 'Mon, 11 Apr 2022 08:00:37 GMT',
360 verbose headers   connection: 'keep-alive',
360 verbose headers   'cf-ray': '6fa230894de7a7bd-ICN',
360 verbose headers   age: '132',
360 verbose headers   'cache-control': 'public, max-age=300',
360 verbose headers   etag: '"745aed55335f31a243c19b76b12c4e0f"',
360 verbose headers   'last-modified': 'Mon, 28 Mar 2022 17:33:23 GMT',
360 verbose headers   vary: 'Accept-Encoding',
360 verbose headers   'cf-cache-status': 'HIT',
360 verbose headers   'expect-ct': 'max-age=604800, report-uri="https://report-uri.cloudflare.com/cdn-cgi/beacon/expect-ct"',
360 verbose headers   'x-amz-replication-status': 'COMPLETED',
360 verbose headers   server: 'cloudflare' }
361 silly get cb [ 304,
361 silly get   { date: 'Mon, 11 Apr 2022 08:00:37 GMT',
361 silly get     connection: 'keep-alive',
361 silly get     'cf-ray': '6fa230894de7a7bd-ICN',
361 silly get     age: '132',
361 silly get     'cache-control': 'public, max-age=300',
361 silly get     etag: '"745aed55335f31a243c19b76b12c4e0f"',
361 silly get     'last-modified': 'Mon, 28 Mar 2022 17:33:23 GMT',
361 silly get     vary: 'Accept-Encoding',
361 silly get     'cf-cache-status': 'HIT',
361 silly get     'expect-ct': 'max-age=604800, report-uri="https://report-uri.cloudflare.com/cdn-cgi/beacon/expect-ct"',
361 silly get     'x-amz-replication-status': 'COMPLETED',
361 silly get     server: 'cloudflare' } ]
362 verbose etag https://registry.npmjs.org/react-github-btn from cache
363 verbose get saving react-github-btn to /home/testworks/.npm/registry.npmjs.org/react-github-btn/.cache.json
364 http 304 https://registry.npmjs.org/stylis
365 verbose headers { date: 'Mon, 11 Apr 2022 08:00:37 GMT',
365 verbose headers   connection: 'keep-alive',
365 verbose headers   'cf-ray': '6fa23089386ea7c6-ICN',
365 verbose headers   age: '133',
365 verbose headers   'cache-control': 'public, max-age=300',
365 verbose headers   etag: '"af7f24c60f13094d1fc33c046cd41c7c"',
365 verbose headers   'last-modified': 'Sun, 03 Apr 2022 08:49:54 GMT',
365 verbose headers   vary: 'Accept-Encoding',
365 verbose headers   'cf-cache-status': 'HIT',
365 verbose headers   'expect-ct': 'max-age=604800, report-uri="https://report-uri.cloudflare.com/cdn-cgi/beacon/expect-ct"',
365 verbose headers   'x-amz-replication-status': 'COMPLETED',
365 verbose headers   server: 'cloudflare' }
366 silly get cb [ 304,
366 silly get   { date: 'Mon, 11 Apr 2022 08:00:37 GMT',
366 silly get     connection: 'keep-alive',
366 silly get     'cf-ray': '6fa23089386ea7c6-ICN',
366 silly get     age: '133',
366 silly get     'cache-control': 'public, max-age=300',
366 silly get     etag: '"af7f24c60f13094d1fc33c046cd41c7c"',
366 silly get     'last-modified': 'Sun, 03 Apr 2022 08:49:54 GMT',
366 silly get     vary: 'Accept-Encoding',
366 silly get     'cf-cache-status': 'HIT',
366 silly get     'expect-ct': 'max-age=604800, report-uri="https://report-uri.cloudflare.com/cdn-cgi/beacon/expect-ct"',
366 silly get     'x-amz-replication-status': 'COMPLETED',
366 silly get     server: 'cloudflare' } ]
367 verbose etag https://registry.npmjs.org/stylis from cache
368 verbose get saving stylis to /home/testworks/.npm/registry.npmjs.org/stylis/.cache.json
369 http 304 https://registry.npmjs.org/chroma-js
370 verbose headers { date: 'Mon, 11 Apr 2022 08:00:37 GMT',
370 verbose headers   connection: 'keep-alive',
370 verbose headers   'cf-ray': '6fa230894c090f6c-ICN',
370 verbose headers   age: '132',
370 verbose headers   'cache-control': 'public, max-age=300',
370 verbose headers   etag: '"f0cbc7284a2470f7d2d2dd64d44ab4e9"',
370 verbose headers   'last-modified': 'Thu, 03 Feb 2022 00:55:34 GMT',
370 verbose headers   vary: 'Accept-Encoding',
370 verbose headers   'cf-cache-status': 'HIT',
370 verbose headers   'expect-ct': 'max-age=604800, report-uri="https://report-uri.cloudflare.com/cdn-cgi/beacon/expect-ct"',
370 verbose headers   'x-amz-replication-status': 'COMPLETED',
370 verbose headers   server: 'cloudflare' }
371 silly get cb [ 304,
371 silly get   { date: 'Mon, 11 Apr 2022 08:00:37 GMT',
371 silly get     connection: 'keep-alive',
371 silly get     'cf-ray': '6fa230894c090f6c-ICN',
371 silly get     age: '132',
371 silly get     'cache-control': 'public, max-age=300',
371 silly get     etag: '"f0cbc7284a2470f7d2d2dd64d44ab4e9"',
371 silly get     'last-modified': 'Thu, 03 Feb 2022 00:55:34 GMT',
371 silly get     vary: 'Accept-Encoding',
371 silly get     'cf-cache-status': 'HIT',
371 silly get     'expect-ct': 'max-age=604800, report-uri="https://report-uri.cloudflare.com/cdn-cgi/beacon/expect-ct"',
371 silly get     'x-amz-replication-status': 'COMPLETED',
371 silly get     server: 'cloudflare' } ]
372 verbose etag https://registry.npmjs.org/chroma-js from cache
373 verbose get saving chroma-js to /home/testworks/.npm/registry.npmjs.org/chroma-js/.cache.json
374 http 304 https://registry.npmjs.org/stylis-plugin-rtl
375 verbose headers { date: 'Mon, 11 Apr 2022 08:00:37 GMT',
375 verbose headers   connection: 'keep-alive',
375 verbose headers   'cf-ray': '6fa230894efba7d7-ICN',
375 verbose headers   age: '132',
375 verbose headers   'cache-control': 'public, max-age=300',
375 verbose headers   etag: '"b0170ba343a5a38ca5823339cb75e6af"',
375 verbose headers   'last-modified': 'Mon, 10 Jan 2022 05:33:44 GMT',
375 verbose headers   vary: 'Accept-Encoding',
375 verbose headers   'cf-cache-status': 'HIT',
375 verbose headers   'expect-ct': 'max-age=604800, report-uri="https://report-uri.cloudflare.com/cdn-cgi/beacon/expect-ct"',
375 verbose headers   'x-amz-replication-status': 'COMPLETED',
375 verbose headers   server: 'cloudflare' }
376 silly get cb [ 304,
376 silly get   { date: 'Mon, 11 Apr 2022 08:00:37 GMT',
376 silly get     connection: 'keep-alive',
376 silly get     'cf-ray': '6fa230894efba7d7-ICN',
376 silly get     age: '132',
376 silly get     'cache-control': 'public, max-age=300',
376 silly get     etag: '"b0170ba343a5a38ca5823339cb75e6af"',
376 silly get     'last-modified': 'Mon, 10 Jan 2022 05:33:44 GMT',
376 silly get     vary: 'Accept-Encoding',
376 silly get     'cf-cache-status': 'HIT',
376 silly get     'expect-ct': 'max-age=604800, report-uri="https://report-uri.cloudflare.com/cdn-cgi/beacon/expect-ct"',
376 silly get     'x-amz-replication-status': 'COMPLETED',
376 silly get     server: 'cloudflare' } ]
377 verbose etag https://registry.npmjs.org/stylis-plugin-rtl from cache
378 verbose get saving stylis-plugin-rtl to /home/testworks/.npm/registry.npmjs.org/stylis-plugin-rtl/.cache.json
379 http 304 https://registry.npmjs.org/react-countup
380 verbose headers { date: 'Mon, 11 Apr 2022 08:00:37 GMT',
380 verbose headers   connection: 'keep-alive',
380 verbose headers   'cf-ray': '6fa23089390b61ac-ICN',
380 verbose headers   age: '133',
380 verbose headers   'cache-control': 'public, max-age=300',
380 verbose headers   etag: '"0747577cd73873d78d90769bc677fe91"',
380 verbose headers   'last-modified': 'Sat, 02 Apr 2022 19:18:37 GMT',
380 verbose headers   vary: 'Accept-Encoding',
380 verbose headers   'cf-cache-status': 'HIT',
380 verbose headers   'expect-ct': 'max-age=604800, report-uri="https://report-uri.cloudflare.com/cdn-cgi/beacon/expect-ct"',
380 verbose headers   'x-amz-replication-status': 'COMPLETED',
380 verbose headers   server: 'cloudflare' }
381 silly get cb [ 304,
381 silly get   { date: 'Mon, 11 Apr 2022 08:00:37 GMT',
381 silly get     connection: 'keep-alive',
381 silly get     'cf-ray': '6fa23089390b61ac-ICN',
381 silly get     age: '133',
381 silly get     'cache-control': 'public, max-age=300',
381 silly get     etag: '"0747577cd73873d78d90769bc677fe91"',
381 silly get     'last-modified': 'Sat, 02 Apr 2022 19:18:37 GMT',
381 silly get     vary: 'Accept-Encoding',
381 silly get     'cf-cache-status': 'HIT',
381 silly get     'expect-ct': 'max-age=604800, report-uri="https://report-uri.cloudflare.com/cdn-cgi/beacon/expect-ct"',
381 silly get     'x-amz-replication-status': 'COMPLETED',
381 silly get     server: 'cloudflare' } ]
382 verbose etag https://registry.npmjs.org/react-countup from cache
383 verbose get saving react-countup to /home/testworks/.npm/registry.npmjs.org/react-countup/.cache.json
384 http 304 https://registry.npmjs.org/react
385 verbose headers { date: 'Mon, 11 Apr 2022 08:00:37 GMT',
385 verbose headers   connection: 'keep-alive',
385 verbose headers   'cf-ray': '6fa230894a9412ca-ICN',
385 verbose headers   age: '171',
385 verbose headers   'cache-control': 'public, max-age=300',
385 verbose headers   etag: '"c3add0559fb6fecae5c6e82d3cda7a58"',
385 verbose headers   'last-modified': 'Sun, 10 Apr 2022 00:38:13 GMT',
385 verbose headers   vary: 'Accept-Encoding',
385 verbose headers   'cf-cache-status': 'HIT',
385 verbose headers   'expect-ct': 'max-age=604800, report-uri="https://report-uri.cloudflare.com/cdn-cgi/beacon/expect-ct"',
385 verbose headers   'x-amz-replication-status': 'PENDING',
385 verbose headers   server: 'cloudflare' }
386 silly get cb [ 304,
386 silly get   { date: 'Mon, 11 Apr 2022 08:00:37 GMT',
386 silly get     connection: 'keep-alive',
386 silly get     'cf-ray': '6fa230894a9412ca-ICN',
386 silly get     age: '171',
386 silly get     'cache-control': 'public, max-age=300',
386 silly get     etag: '"c3add0559fb6fecae5c6e82d3cda7a58"',
386 silly get     'last-modified': 'Sun, 10 Apr 2022 00:38:13 GMT',
386 silly get     vary: 'Accept-Encoding',
386 silly get     'cf-cache-status': 'HIT',
386 silly get     'expect-ct': 'max-age=604800, report-uri="https://report-uri.cloudflare.com/cdn-cgi/beacon/expect-ct"',
386 silly get     'x-amz-replication-status': 'PENDING',
386 silly get     server: 'cloudflare' } ]
387 verbose etag https://registry.npmjs.org/react from cache
388 verbose get saving react to /home/testworks/.npm/registry.npmjs.org/react/.cache.json
389 http 304 https://registry.npmjs.org/web-vitals
390 verbose headers { date: 'Mon, 11 Apr 2022 08:00:37 GMT',
390 verbose headers   connection: 'keep-alive',
390 verbose headers   'cf-ray': '6fa230894a5ea7cb-ICN',
390 verbose headers   age: '271',
390 verbose headers   'cache-control': 'public, max-age=300',
390 verbose headers   etag: '"cb8618bafd3b7d77827248a3f1141d8a"',
390 verbose headers   'last-modified': 'Fri, 21 Jan 2022 02:10:28 GMT',
390 verbose headers   vary: 'Accept-Encoding',
390 verbose headers   'cf-cache-status': 'HIT',
390 verbose headers   'expect-ct': 'max-age=604800, report-uri="https://report-uri.cloudflare.com/cdn-cgi/beacon/expect-ct"',
390 verbose headers   'x-amz-replication-status': 'COMPLETED',
390 verbose headers   server: 'cloudflare' }
391 silly get cb [ 304,
391 silly get   { date: 'Mon, 11 Apr 2022 08:00:37 GMT',
391 silly get     connection: 'keep-alive',
391 silly get     'cf-ray': '6fa230894a5ea7cb-ICN',
391 silly get     age: '271',
391 silly get     'cache-control': 'public, max-age=300',
391 silly get     etag: '"cb8618bafd3b7d77827248a3f1141d8a"',
391 silly get     'last-modified': 'Fri, 21 Jan 2022 02:10:28 GMT',
391 silly get     vary: 'Accept-Encoding',
391 silly get     'cf-cache-status': 'HIT',
391 silly get     'expect-ct': 'max-age=604800, report-uri="https://report-uri.cloudflare.com/cdn-cgi/beacon/expect-ct"',
391 silly get     'x-amz-replication-status': 'COMPLETED',
391 silly get     server: 'cloudflare' } ]
392 verbose etag https://registry.npmjs.org/web-vitals from cache
393 verbose get saving web-vitals to /home/testworks/.npm/registry.npmjs.org/web-vitals/.cache.json
394 http 304 https://registry.npmjs.org/clsx
395 verbose headers { date: 'Mon, 11 Apr 2022 08:00:37 GMT',
395 verbose headers   connection: 'keep-alive',
395 verbose headers   'cf-ray': '6fa230894b6e00cb-ICN',
395 verbose headers   age: '272',
395 verbose headers   'cache-control': 'public, max-age=300',
395 verbose headers   etag: '"fe65ce746ac26ccbceb52f98af97eb36"',
395 verbose headers   'last-modified': 'Sat, 30 May 2020 06:26:12 GMT',
395 verbose headers   vary: 'Accept-Encoding',
395 verbose headers   'cf-cache-status': 'HIT',
395 verbose headers   'expect-ct': 'max-age=604800, report-uri="https://report-uri.cloudflare.com/cdn-cgi/beacon/expect-ct"',
395 verbose headers   server: 'cloudflare' }
396 silly get cb [ 304,
396 silly get   { date: 'Mon, 11 Apr 2022 08:00:37 GMT',
396 silly get     connection: 'keep-alive',
396 silly get     'cf-ray': '6fa230894b6e00cb-ICN',
396 silly get     age: '272',
396 silly get     'cache-control': 'public, max-age=300',
396 silly get     etag: '"fe65ce746ac26ccbceb52f98af97eb36"',
396 silly get     'last-modified': 'Sat, 30 May 2020 06:26:12 GMT',
396 silly get     vary: 'Accept-Encoding',
396 silly get     'cf-cache-status': 'HIT',
396 silly get     'expect-ct': 'max-age=604800, report-uri="https://report-uri.cloudflare.com/cdn-cgi/beacon/expect-ct"',
396 silly get     server: 'cloudflare' } ]
397 verbose etag https://registry.npmjs.org/clsx from cache
398 verbose get saving clsx to /home/testworks/.npm/registry.npmjs.org/clsx/.cache.json
399 http 304 https://registry.npmjs.org/jss-rtl
400 verbose headers { date: 'Mon, 11 Apr 2022 08:00:37 GMT',
400 verbose headers   connection: 'keep-alive',
400 verbose headers   'cf-ray': '6fa230893d5861bf-ICN',
400 verbose headers   age: '133',
400 verbose headers   'cache-control': 'public, max-age=300',
400 verbose headers   etag: '"ae9d76410fd975a3597c15f7b4c17c7c"',
400 verbose headers   'last-modified': 'Mon, 23 Sep 2019 18:17:27 GMT',
400 verbose headers   vary: 'Accept-Encoding',
400 verbose headers   'cf-cache-status': 'HIT',
400 verbose headers   'expect-ct': 'max-age=604800, report-uri="https://report-uri.cloudflare.com/cdn-cgi/beacon/expect-ct"',
400 verbose headers   server: 'cloudflare' }
401 silly get cb [ 304,
401 silly get   { date: 'Mon, 11 Apr 2022 08:00:37 GMT',
401 silly get     connection: 'keep-alive',
401 silly get     'cf-ray': '6fa230893d5861bf-ICN',
401 silly get     age: '133',
401 silly get     'cache-control': 'public, max-age=300',
401 silly get     etag: '"ae9d76410fd975a3597c15f7b4c17c7c"',
401 silly get     'last-modified': 'Mon, 23 Sep 2019 18:17:27 GMT',
401 silly get     vary: 'Accept-Encoding',
401 silly get     'cf-cache-status': 'HIT',
401 silly get     'expect-ct': 'max-age=604800, report-uri="https://report-uri.cloudflare.com/cdn-cgi/beacon/expect-ct"',
401 silly get     server: 'cloudflare' } ]
402 verbose etag https://registry.npmjs.org/jss-rtl from cache
403 verbose get saving jss-rtl to /home/testworks/.npm/registry.npmjs.org/jss-rtl/.cache.json
404 http 304 https://registry.npmjs.org/react-router-dom
405 verbose headers { date: 'Mon, 11 Apr 2022 08:00:37 GMT',
405 verbose headers   connection: 'keep-alive',
405 verbose headers   'cf-ray': '6fa230893f6461a7-ICN',
405 verbose headers   age: '271',
405 verbose headers   'cache-control': 'public, max-age=300',
405 verbose headers   etag: '"f2ecdad5d461da4e186529800ad7e053"',
405 verbose headers   'last-modified': 'Thu, 31 Mar 2022 19:46:54 GMT',
405 verbose headers   vary: 'Accept-Encoding',
405 verbose headers   'cf-cache-status': 'HIT',
405 verbose headers   'expect-ct': 'max-age=604800, report-uri="https://report-uri.cloudflare.com/cdn-cgi/beacon/expect-ct"',
405 verbose headers   'x-amz-replication-status': 'COMPLETED',
405 verbose headers   server: 'cloudflare' }
406 silly get cb [ 304,
406 silly get   { date: 'Mon, 11 Apr 2022 08:00:37 GMT',
406 silly get     connection: 'keep-alive',
406 silly get     'cf-ray': '6fa230893f6461a7-ICN',
406 silly get     age: '271',
406 silly get     'cache-control': 'public, max-age=300',
406 silly get     etag: '"f2ecdad5d461da4e186529800ad7e053"',
406 silly get     'last-modified': 'Thu, 31 Mar 2022 19:46:54 GMT',
406 silly get     vary: 'Accept-Encoding',
406 silly get     'cf-cache-status': 'HIT',
406 silly get     'expect-ct': 'max-age=604800, report-uri="https://report-uri.cloudflare.com/cdn-cgi/beacon/expect-ct"',
406 silly get     'x-amz-replication-status': 'COMPLETED',
406 silly get     server: 'cloudflare' } ]
407 verbose etag https://registry.npmjs.org/react-router-dom from cache
408 verbose get saving react-router-dom to /home/testworks/.npm/registry.npmjs.org/react-router-dom/.cache.json
409 http 304 https://registry.npmjs.org/react-dom
410 verbose headers { date: 'Mon, 11 Apr 2022 08:00:37 GMT',
410 verbose headers   connection: 'keep-alive',
410 verbose headers   'cf-ray': '6fa230894e020f90-ICN',
410 verbose headers   age: '201',
410 verbose headers   'cache-control': 'public, max-age=300',
410 verbose headers   etag: '"fae6f316d97ba869a25235463755f087"',
410 verbose headers   'last-modified': 'Fri, 08 Apr 2022 16:14:26 GMT',
410 verbose headers   vary: 'Accept-Encoding',
410 verbose headers   'cf-cache-status': 'HIT',
410 verbose headers   'expect-ct': 'max-age=604800, report-uri="https://report-uri.cloudflare.com/cdn-cgi/beacon/expect-ct"',
410 verbose headers   'x-amz-replication-status': 'COMPLETED',
410 verbose headers   server: 'cloudflare' }
411 silly get cb [ 304,
411 silly get   { date: 'Mon, 11 Apr 2022 08:00:37 GMT',
411 silly get     connection: 'keep-alive',
411 silly get     'cf-ray': '6fa230894e020f90-ICN',
411 silly get     age: '201',
411 silly get     'cache-control': 'public, max-age=300',
411 silly get     etag: '"fae6f316d97ba869a25235463755f087"',
411 silly get     'last-modified': 'Fri, 08 Apr 2022 16:14:26 GMT',
411 silly get     vary: 'Accept-Encoding',
411 silly get     'cf-cache-status': 'HIT',
411 silly get     'expect-ct': 'max-age=604800, report-uri="https://report-uri.cloudflare.com/cdn-cgi/beacon/expect-ct"',
411 silly get     'x-amz-replication-status': 'COMPLETED',
411 silly get     server: 'cloudflare' } ]
412 verbose etag https://registry.npmjs.org/react-dom from cache
413 verbose get saving react-dom to /home/testworks/.npm/registry.npmjs.org/react-dom/.cache.json
414 http 304 https://registry.npmjs.org/axios
415 verbose headers { date: 'Mon, 11 Apr 2022 08:00:37 GMT',
415 verbose headers   connection: 'keep-alive',
415 verbose headers   'cf-ray': '6fa230894bc2a7ba-ICN',
415 verbose headers   age: '14',
415 verbose headers   'cache-control': 'public, max-age=300',
415 verbose headers   etag: '"9ccba6b69babbe494fe13a13ef63bdb2"',
415 verbose headers   'last-modified': 'Fri, 25 Mar 2022 05:45:55 GMT',
415 verbose headers   vary: 'Accept-Encoding',
415 verbose headers   'cf-cache-status': 'HIT',
415 verbose headers   'expect-ct': 'max-age=604800, report-uri="https://report-uri.cloudflare.com/cdn-cgi/beacon/expect-ct"',
415 verbose headers   'x-amz-replication-status': 'PENDING',
415 verbose headers   server: 'cloudflare' }
416 silly get cb [ 304,
416 silly get   { date: 'Mon, 11 Apr 2022 08:00:37 GMT',
416 silly get     connection: 'keep-alive',
416 silly get     'cf-ray': '6fa230894bc2a7ba-ICN',
416 silly get     age: '14',
416 silly get     'cache-control': 'public, max-age=300',
416 silly get     etag: '"9ccba6b69babbe494fe13a13ef63bdb2"',
416 silly get     'last-modified': 'Fri, 25 Mar 2022 05:45:55 GMT',
416 silly get     vary: 'Accept-Encoding',
416 silly get     'cf-cache-status': 'HIT',
416 silly get     'expect-ct': 'max-age=604800, report-uri="https://report-uri.cloudflare.com/cdn-cgi/beacon/expect-ct"',
416 silly get     'x-amz-replication-status': 'PENDING',
416 silly get     server: 'cloudflare' } ]
417 verbose etag https://registry.npmjs.org/axios from cache
418 verbose get saving axios to /home/testworks/.npm/registry.npmjs.org/axios/.cache.json
419 http 304 https://registry.npmjs.org/react-chartjs-2
420 verbose headers { date: 'Mon, 11 Apr 2022 08:00:37 GMT',
420 verbose headers   connection: 'keep-alive',
420 verbose headers   'cf-ray': '6fa230894c3b0f88-ICN',
420 verbose headers   age: '272',
420 verbose headers   'cache-control': 'public, max-age=300',
420 verbose headers   etag: '"b496af9527e866b7835f35698801d78b"',
420 verbose headers   'last-modified': 'Thu, 07 Apr 2022 20:48:53 GMT',
420 verbose headers   vary: 'Accept-Encoding',
420 verbose headers   'cf-cache-status': 'HIT',
420 verbose headers   'expect-ct': 'max-age=604800, report-uri="https://report-uri.cloudflare.com/cdn-cgi/beacon/expect-ct"',
420 verbose headers   'x-amz-replication-status': 'COMPLETED',
420 verbose headers   server: 'cloudflare' }
421 silly get cb [ 304,
421 silly get   { date: 'Mon, 11 Apr 2022 08:00:37 GMT',
421 silly get     connection: 'keep-alive',
421 silly get     'cf-ray': '6fa230894c3b0f88-ICN',
421 silly get     age: '272',
421 silly get     'cache-control': 'public, max-age=300',
421 silly get     etag: '"b496af9527e866b7835f35698801d78b"',
421 silly get     'last-modified': 'Thu, 07 Apr 2022 20:48:53 GMT',
421 silly get     vary: 'Accept-Encoding',
421 silly get     'cf-cache-status': 'HIT',
421 silly get     'expect-ct': 'max-age=604800, report-uri="https://report-uri.cloudflare.com/cdn-cgi/beacon/expect-ct"',
421 silly get     'x-amz-replication-status': 'COMPLETED',
421 silly get     server: 'cloudflare' } ]
422 verbose etag https://registry.npmjs.org/react-chartjs-2 from cache
423 verbose get saving react-chartjs-2 to /home/testworks/.npm/registry.npmjs.org/react-chartjs-2/.cache.json
424 http 304 https://registry.npmjs.org/chart.js
425 verbose headers { date: 'Mon, 11 Apr 2022 08:00:37 GMT',
425 verbose headers   connection: 'keep-alive',
425 verbose headers   'cf-ray': '6fa230894b6161ca-ICN',
425 verbose headers   age: '133',
425 verbose headers   'cache-control': 'public, max-age=300',
425 verbose headers   etag: '"65690b4cd79aef2bb7c8f8d0b13debba"',
425 verbose headers   'last-modified': 'Sat, 12 Feb 2022 14:54:27 GMT',
425 verbose headers   vary: 'Accept-Encoding',
425 verbose headers   'cf-cache-status': 'HIT',
425 verbose headers   'expect-ct': 'max-age=604800, report-uri="https://report-uri.cloudflare.com/cdn-cgi/beacon/expect-ct"',
425 verbose headers   'x-amz-replication-status': 'COMPLETED',
425 verbose headers   server: 'cloudflare' }
426 silly get cb [ 304,
426 silly get   { date: 'Mon, 11 Apr 2022 08:00:37 GMT',
426 silly get     connection: 'keep-alive',
426 silly get     'cf-ray': '6fa230894b6161ca-ICN',
426 silly get     age: '133',
426 silly get     'cache-control': 'public, max-age=300',
426 silly get     etag: '"65690b4cd79aef2bb7c8f8d0b13debba"',
426 silly get     'last-modified': 'Sat, 12 Feb 2022 14:54:27 GMT',
426 silly get     vary: 'Accept-Encoding',
426 silly get     'cf-cache-status': 'HIT',
426 silly get     'expect-ct': 'max-age=604800, report-uri="https://report-uri.cloudflare.com/cdn-cgi/beacon/expect-ct"',
426 silly get     'x-amz-replication-status': 'COMPLETED',
426 silly get     server: 'cloudflare' } ]
427 verbose etag https://registry.npmjs.org/chart.js from cache
428 verbose get saving chart.js to /home/testworks/.npm/registry.npmjs.org/chart.js/.cache.json
429 http 304 https://registry.npmjs.org/jss
430 verbose headers { date: 'Mon, 11 Apr 2022 08:00:37 GMT',
430 verbose headers   connection: 'keep-alive',
430 verbose headers   'cf-ray': '6fa230894839a1cb-ICN',
430 verbose headers   age: '31',
430 verbose headers   'cache-control': 'public, max-age=300',
430 verbose headers   etag: '"7133b73f51374cdf797d079911831e85"',
430 verbose headers   'last-modified': 'Wed, 08 Dec 2021 10:24:30 GMT',
430 verbose headers   vary: 'Accept-Encoding',
430 verbose headers   'cf-cache-status': 'HIT',
430 verbose headers   'expect-ct': 'max-age=604800, report-uri="https://report-uri.cloudflare.com/cdn-cgi/beacon/expect-ct"',
430 verbose headers   'x-amz-replication-status': 'COMPLETED',
430 verbose headers   server: 'cloudflare' }
431 silly get cb [ 304,
431 silly get   { date: 'Mon, 11 Apr 2022 08:00:37 GMT',
431 silly get     connection: 'keep-alive',
431 silly get     'cf-ray': '6fa230894839a1cb-ICN',
431 silly get     age: '31',
431 silly get     'cache-control': 'public, max-age=300',
431 silly get     etag: '"7133b73f51374cdf797d079911831e85"',
431 silly get     'last-modified': 'Wed, 08 Dec 2021 10:24:30 GMT',
431 silly get     vary: 'Accept-Encoding',
431 silly get     'cf-cache-status': 'HIT',
431 silly get     'expect-ct': 'max-age=604800, report-uri="https://report-uri.cloudflare.com/cdn-cgi/beacon/expect-ct"',
431 silly get     'x-amz-replication-status': 'COMPLETED',
431 silly get     server: 'cloudflare' } ]
432 verbose etag https://registry.npmjs.org/jss from cache
433 verbose get saving jss to /home/testworks/.npm/registry.npmjs.org/jss/.cache.json
434 http 304 https://registry.npmjs.org/react-flatpickr
435 verbose headers { date: 'Mon, 11 Apr 2022 08:00:37 GMT',
435 verbose headers   connection: 'keep-alive',
435 verbose headers   'cf-ray': '6fa230894e0f12ee-ICN',
435 verbose headers   age: '133',
435 verbose headers   'cache-control': 'public, max-age=300',
435 verbose headers   etag: '"f7eaf3f59367968edebadc1321130f4f"',
435 verbose headers   'last-modified': 'Wed, 06 Apr 2022 16:43:05 GMT',
435 verbose headers   vary: 'Accept-Encoding',
435 verbose headers   'cf-cache-status': 'HIT',
435 verbose headers   'expect-ct': 'max-age=604800, report-uri="https://report-uri.cloudflare.com/cdn-cgi/beacon/expect-ct"',
435 verbose headers   'x-amz-replication-status': 'COMPLETED',
435 verbose headers   server: 'cloudflare' }
436 silly get cb [ 304,
436 silly get   { date: 'Mon, 11 Apr 2022 08:00:37 GMT',
436 silly get     connection: 'keep-alive',
436 silly get     'cf-ray': '6fa230894e0f12ee-ICN',
436 silly get     age: '133',
436 silly get     'cache-control': 'public, max-age=300',
436 silly get     etag: '"f7eaf3f59367968edebadc1321130f4f"',
436 silly get     'last-modified': 'Wed, 06 Apr 2022 16:43:05 GMT',
436 silly get     vary: 'Accept-Encoding',
436 silly get     'cf-cache-status': 'HIT',
436 silly get     'expect-ct': 'max-age=604800, report-uri="https://report-uri.cloudflare.com/cdn-cgi/beacon/expect-ct"',
436 silly get     'x-amz-replication-status': 'COMPLETED',
436 silly get     server: 'cloudflare' } ]
437 verbose etag https://registry.npmjs.org/react-flatpickr from cache
438 verbose get saving react-flatpickr to /home/testworks/.npm/registry.npmjs.org/react-flatpickr/.cache.json
439 http 304 https://registry.npmjs.org/@testing-library%2freact
440 verbose headers { date: 'Mon, 11 Apr 2022 08:00:37 GMT',
440 verbose headers   connection: 'keep-alive',
440 verbose headers   'cf-ray': '6fa230894f840f84-ICN',
440 verbose headers   age: '232',
440 verbose headers   'cache-control': 'public, max-age=300',
440 verbose headers   etag: '"8b09823af61f4a1f100aa3f6678eeaed"',
440 verbose headers   'last-modified': 'Thu, 07 Apr 2022 05:22:27 GMT',
440 verbose headers   vary: 'Accept-Encoding',
440 verbose headers   'cf-cache-status': 'HIT',
440 verbose headers   'expect-ct': 'max-age=604800, report-uri="https://report-uri.cloudflare.com/cdn-cgi/beacon/expect-ct"',
440 verbose headers   'x-amz-replication-status': 'PENDING',
440 verbose headers   server: 'cloudflare' }
441 silly get cb [ 304,
441 silly get   { date: 'Mon, 11 Apr 2022 08:00:37 GMT',
441 silly get     connection: 'keep-alive',
441 silly get     'cf-ray': '6fa230894f840f84-ICN',
441 silly get     age: '232',
441 silly get     'cache-control': 'public, max-age=300',
441 silly get     etag: '"8b09823af61f4a1f100aa3f6678eeaed"',
441 silly get     'last-modified': 'Thu, 07 Apr 2022 05:22:27 GMT',
441 silly get     vary: 'Accept-Encoding',
441 silly get     'cf-cache-status': 'HIT',
441 silly get     'expect-ct': 'max-age=604800, report-uri="https://report-uri.cloudflare.com/cdn-cgi/beacon/expect-ct"',
441 silly get     'x-amz-replication-status': 'PENDING',
441 silly get     server: 'cloudflare' } ]
442 verbose etag https://registry.npmjs.org/@testing-library%2freact from cache
443 verbose get saving @testing-library/react to /home/testworks/.npm/registry.npmjs.org/_40testing-library_252freact/.cache.json
444 http 304 https://registry.npmjs.org/prop-types
445 verbose headers { date: 'Mon, 11 Apr 2022 08:00:37 GMT',
445 verbose headers   connection: 'keep-alive',
445 verbose headers   'cf-ray': '6fa2308939f60f64-ICN',
445 verbose headers   age: '271',
445 verbose headers   'cache-control': 'public, max-age=300',
445 verbose headers   etag: '"976cafc9afd2a3fc94bbc8228926a9f0"',
445 verbose headers   'last-modified': 'Mon, 04 Apr 2022 23:47:19 GMT',
445 verbose headers   vary: 'Accept-Encoding',
445 verbose headers   'cf-cache-status': 'HIT',
445 verbose headers   'expect-ct': 'max-age=604800, report-uri="https://report-uri.cloudflare.com/cdn-cgi/beacon/expect-ct"',
445 verbose headers   'x-amz-replication-status': 'COMPLETED',
445 verbose headers   server: 'cloudflare' }
446 silly get cb [ 304,
446 silly get   { date: 'Mon, 11 Apr 2022 08:00:37 GMT',
446 silly get     connection: 'keep-alive',
446 silly get     'cf-ray': '6fa2308939f60f64-ICN',
446 silly get     age: '271',
446 silly get     'cache-control': 'public, max-age=300',
446 silly get     etag: '"976cafc9afd2a3fc94bbc8228926a9f0"',
446 silly get     'last-modified': 'Mon, 04 Apr 2022 23:47:19 GMT',
446 silly get     vary: 'Accept-Encoding',
446 silly get     'cf-cache-status': 'HIT',
446 silly get     'expect-ct': 'max-age=604800, report-uri="https://report-uri.cloudflare.com/cdn-cgi/beacon/expect-ct"',
446 silly get     'x-amz-replication-status': 'COMPLETED',
446 silly get     server: 'cloudflare' } ]
447 verbose etag https://registry.npmjs.org/prop-types from cache
448 verbose get saving prop-types to /home/testworks/.npm/registry.npmjs.org/prop-types/.cache.json
449 http 304 https://registry.npmjs.org/@mui%2ficons-material
450 verbose headers { date: 'Mon, 11 Apr 2022 08:00:37 GMT',
450 verbose headers   connection: 'keep-alive',
450 verbose headers   'cf-ray': '6fa230894c080f6c-ICN',
450 verbose headers   age: '271',
450 verbose headers   'cache-control': 'public, max-age=300',
450 verbose headers   etag: '"c1b289854d1065315fa9f7025f90bc2d"',
450 verbose headers   'last-modified': 'Wed, 06 Apr 2022 06:53:13 GMT',
450 verbose headers   vary: 'Accept-Encoding',
450 verbose headers   'cf-cache-status': 'HIT',
450 verbose headers   'expect-ct': 'max-age=604800, report-uri="https://report-uri.cloudflare.com/cdn-cgi/beacon/expect-ct"',
450 verbose headers   'x-amz-replication-status': 'COMPLETED',
450 verbose headers   server: 'cloudflare' }
451 silly get cb [ 304,
451 silly get   { date: 'Mon, 11 Apr 2022 08:00:37 GMT',
451 silly get     connection: 'keep-alive',
451 silly get     'cf-ray': '6fa230894c080f6c-ICN',
451 silly get     age: '271',
451 silly get     'cache-control': 'public, max-age=300',
451 silly get     etag: '"c1b289854d1065315fa9f7025f90bc2d"',
451 silly get     'last-modified': 'Wed, 06 Apr 2022 06:53:13 GMT',
451 silly get     vary: 'Accept-Encoding',
451 silly get     'cf-cache-status': 'HIT',
451 silly get     'expect-ct': 'max-age=604800, report-uri="https://report-uri.cloudflare.com/cdn-cgi/beacon/expect-ct"',
451 silly get     'x-amz-replication-status': 'COMPLETED',
451 silly get     server: 'cloudflare' } ]
452 verbose etag https://registry.npmjs.org/@mui%2ficons-material from cache
453 verbose get saving @mui/icons-material to /home/testworks/.npm/registry.npmjs.org/_40mui_252ficons-material/.cache.json
454 http 304 https://registry.npmjs.org/@mui%2fstyles
455 verbose headers { date: 'Mon, 11 Apr 2022 08:00:37 GMT',
455 verbose headers   connection: 'keep-alive',
455 verbose headers   'cf-ray': '6fa230894ee60fa0-ICN',
455 verbose headers   age: '133',
455 verbose headers   'cache-control': 'public, max-age=300',
455 verbose headers   etag: '"dfe48bc705127c2fcf8c1da9c6504a74"',
455 verbose headers   'last-modified': 'Wed, 06 Apr 2022 06:53:16 GMT',
455 verbose headers   vary: 'Accept-Encoding',
455 verbose headers   'cf-cache-status': 'HIT',
455 verbose headers   'expect-ct': 'max-age=604800, report-uri="https://report-uri.cloudflare.com/cdn-cgi/beacon/expect-ct"',
455 verbose headers   'x-amz-replication-status': 'COMPLETED',
455 verbose headers   server: 'cloudflare' }
456 silly get cb [ 304,
456 silly get   { date: 'Mon, 11 Apr 2022 08:00:37 GMT',
456 silly get     connection: 'keep-alive',
456 silly get     'cf-ray': '6fa230894ee60fa0-ICN',
456 silly get     age: '133',
456 silly get     'cache-control': 'public, max-age=300',
456 silly get     etag: '"dfe48bc705127c2fcf8c1da9c6504a74"',
456 silly get     'last-modified': 'Wed, 06 Apr 2022 06:53:16 GMT',
456 silly get     vary: 'Accept-Encoding',
456 silly get     'cf-cache-status': 'HIT',
456 silly get     'expect-ct': 'max-age=604800, report-uri="https://report-uri.cloudflare.com/cdn-cgi/beacon/expect-ct"',
456 silly get     'x-amz-replication-status': 'COMPLETED',
456 silly get     server: 'cloudflare' } ]
457 verbose etag https://registry.npmjs.org/@mui%2fstyles from cache
458 verbose get saving @mui/styles to /home/testworks/.npm/registry.npmjs.org/_40mui_252fstyles/.cache.json
459 http 304 https://registry.npmjs.org/react-bootstrap-sweetalert
460 verbose headers { date: 'Mon, 11 Apr 2022 08:00:37 GMT',
460 verbose headers   connection: 'keep-alive',
460 verbose headers   'cf-ray': '6fa230894d3fa7b4-ICN',
460 verbose headers   age: '133',
460 verbose headers   'cache-control': 'public, max-age=300',
460 verbose headers   etag: '"bb7bd3fb814432734fc91e8dacd74dbb"',
460 verbose headers   'last-modified': 'Sat, 25 Jul 2020 21:20:22 GMT',
460 verbose headers   vary: 'Accept-Encoding',
460 verbose headers   'cf-cache-status': 'HIT',
460 verbose headers   'expect-ct': 'max-age=604800, report-uri="https://report-uri.cloudflare.com/cdn-cgi/beacon/expect-ct"',
460 verbose headers   server: 'cloudflare' }
461 silly get cb [ 304,
461 silly get   { date: 'Mon, 11 Apr 2022 08:00:37 GMT',
461 silly get     connection: 'keep-alive',
461 silly get     'cf-ray': '6fa230894d3fa7b4-ICN',
461 silly get     age: '133',
461 silly get     'cache-control': 'public, max-age=300',
461 silly get     etag: '"bb7bd3fb814432734fc91e8dacd74dbb"',
461 silly get     'last-modified': 'Sat, 25 Jul 2020 21:20:22 GMT',
461 silly get     vary: 'Accept-Encoding',
461 silly get     'cf-cache-status': 'HIT',
461 silly get     'expect-ct': 'max-age=604800, report-uri="https://report-uri.cloudflare.com/cdn-cgi/beacon/expect-ct"',
461 silly get     server: 'cloudflare' } ]
462 verbose etag https://registry.npmjs.org/react-bootstrap-sweetalert from cache
463 verbose get saving react-bootstrap-sweetalert to /home/testworks/.npm/registry.npmjs.org/react-bootstrap-sweetalert/.cache.json
464 http 304 https://registry.npmjs.org/@mui%2fstyled-engine
465 verbose headers { date: 'Mon, 11 Apr 2022 08:00:37 GMT',
465 verbose headers   connection: 'keep-alive',
465 verbose headers   'cf-ray': '6fa230894b2da7e3-ICN',
465 verbose headers   age: '132',
465 verbose headers   'cache-control': 'public, max-age=300',
465 verbose headers   etag: '"5ce03291e900bd50ef8b3cb8bfdaceda"',
465 verbose headers   'last-modified': 'Wed, 06 Apr 2022 06:53:16 GMT',
465 verbose headers   vary: 'Accept-Encoding',
465 verbose headers   'cf-cache-status': 'HIT',
465 verbose headers   'expect-ct': 'max-age=604800, report-uri="https://report-uri.cloudflare.com/cdn-cgi/beacon/expect-ct"',
465 verbose headers   'x-amz-replication-status': 'COMPLETED',
465 verbose headers   server: 'cloudflare' }
466 silly get cb [ 304,
466 silly get   { date: 'Mon, 11 Apr 2022 08:00:37 GMT',
466 silly get     connection: 'keep-alive',
466 silly get     'cf-ray': '6fa230894b2da7e3-ICN',
466 silly get     age: '132',
466 silly get     'cache-control': 'public, max-age=300',
466 silly get     etag: '"5ce03291e900bd50ef8b3cb8bfdaceda"',
466 silly get     'last-modified': 'Wed, 06 Apr 2022 06:53:16 GMT',
466 silly get     vary: 'Accept-Encoding',
466 silly get     'cf-cache-status': 'HIT',
466 silly get     'expect-ct': 'max-age=604800, report-uri="https://report-uri.cloudflare.com/cdn-cgi/beacon/expect-ct"',
466 silly get     'x-amz-replication-status': 'COMPLETED',
466 silly get     server: 'cloudflare' } ]
467 verbose etag https://registry.npmjs.org/@mui%2fstyled-engine from cache
468 verbose get saving @mui/styled-engine to /home/testworks/.npm/registry.npmjs.org/_40mui_252fstyled-engine/.cache.json
469 http 304 https://registry.npmjs.org/@emotion%2freact
470 verbose headers { date: 'Mon, 11 Apr 2022 08:00:37 GMT',
470 verbose headers   connection: 'keep-alive',
470 verbose headers   'cf-ray': '6fa2308938786188-ICN',
470 verbose headers   age: '286',
470 verbose headers   'cache-control': 'public, max-age=300',
470 verbose headers   etag: '"b1f1b29b2cf05e56da5fa14e94102d6a"',
470 verbose headers   'last-modified': 'Wed, 06 Apr 2022 07:24:42 GMT',
470 verbose headers   vary: 'Accept-Encoding',
470 verbose headers   'cf-cache-status': 'HIT',
470 verbose headers   'expect-ct': 'max-age=604800, report-uri="https://report-uri.cloudflare.com/cdn-cgi/beacon/expect-ct"',
470 verbose headers   'x-amz-replication-status': 'COMPLETED',
470 verbose headers   server: 'cloudflare' }
471 silly get cb [ 304,
471 silly get   { date: 'Mon, 11 Apr 2022 08:00:37 GMT',
471 silly get     connection: 'keep-alive',
471 silly get     'cf-ray': '6fa2308938786188-ICN',
471 silly get     age: '286',
471 silly get     'cache-control': 'public, max-age=300',
471 silly get     etag: '"b1f1b29b2cf05e56da5fa14e94102d6a"',
471 silly get     'last-modified': 'Wed, 06 Apr 2022 07:24:42 GMT',
471 silly get     vary: 'Accept-Encoding',
471 silly get     'cf-cache-status': 'HIT',
471 silly get     'expect-ct': 'max-age=604800, report-uri="https://report-uri.cloudflare.com/cdn-cgi/beacon/expect-ct"',
471 silly get     'x-amz-replication-status': 'COMPLETED',
471 silly get     server: 'cloudflare' } ]
472 verbose etag https://registry.npmjs.org/@emotion%2freact from cache
473 verbose get saving @emotion/react to /home/testworks/.npm/registry.npmjs.org/_40emotion_252freact/.cache.json
474 http 304 https://registry.npmjs.org/@testing-library%2fjest-dom
475 verbose headers { date: 'Mon, 11 Apr 2022 08:00:37 GMT',
475 verbose headers   connection: 'keep-alive',
475 verbose headers   'cf-ray': '6fa2308938756188-ICN',
475 verbose headers   age: '271',
475 verbose headers   'cache-control': 'public, max-age=300',
475 verbose headers   etag: '"ada6215402f40e0bb81b186a1956ff9a"',
475 verbose headers   'last-modified': 'Thu, 07 Apr 2022 05:22:24 GMT',
475 verbose headers   vary: 'Accept-Encoding',
475 verbose headers   'cf-cache-status': 'HIT',
475 verbose headers   'expect-ct': 'max-age=604800, report-uri="https://report-uri.cloudflare.com/cdn-cgi/beacon/expect-ct"',
475 verbose headers   'x-amz-replication-status': 'PENDING',
475 verbose headers   server: 'cloudflare' }
476 silly get cb [ 304,
476 silly get   { date: 'Mon, 11 Apr 2022 08:00:37 GMT',
476 silly get     connection: 'keep-alive',
476 silly get     'cf-ray': '6fa2308938756188-ICN',
476 silly get     age: '271',
476 silly get     'cache-control': 'public, max-age=300',
476 silly get     etag: '"ada6215402f40e0bb81b186a1956ff9a"',
476 silly get     'last-modified': 'Thu, 07 Apr 2022 05:22:24 GMT',
476 silly get     vary: 'Accept-Encoding',
476 silly get     'cf-cache-status': 'HIT',
476 silly get     'expect-ct': 'max-age=604800, report-uri="https://report-uri.cloudflare.com/cdn-cgi/beacon/expect-ct"',
476 silly get     'x-amz-replication-status': 'PENDING',
476 silly get     server: 'cloudflare' } ]
477 verbose etag https://registry.npmjs.org/@testing-library%2fjest-dom from cache
478 verbose get saving @testing-library/jest-dom to /home/testworks/.npm/registry.npmjs.org/_40testing-library_252fjest-dom/.cache.json
479 http 304 https://registry.npmjs.org/@testing-library%2fuser-event
480 verbose headers { date: 'Mon, 11 Apr 2022 08:00:37 GMT',
480 verbose headers   connection: 'keep-alive',
480 verbose headers   'cf-ray': '6fa230894a1212d2-ICN',
480 verbose headers   age: '296',
480 verbose headers   'cache-control': 'public, max-age=300',
480 verbose headers   etag: '"f26a10b39d7ef3f9507368f68f862953"',
480 verbose headers   'last-modified': 'Thu, 07 Apr 2022 05:22:30 GMT',
480 verbose headers   vary: 'Accept-Encoding',
480 verbose headers   'cf-cache-status': 'HIT',
480 verbose headers   'expect-ct': 'max-age=604800, report-uri="https://report-uri.cloudflare.com/cdn-cgi/beacon/expect-ct"',
480 verbose headers   'x-amz-replication-status': 'PENDING',
480 verbose headers   server: 'cloudflare' }
481 silly get cb [ 304,
481 silly get   { date: 'Mon, 11 Apr 2022 08:00:37 GMT',
481 silly get     connection: 'keep-alive',
481 silly get     'cf-ray': '6fa230894a1212d2-ICN',
481 silly get     age: '296',
481 silly get     'cache-control': 'public, max-age=300',
481 silly get     etag: '"f26a10b39d7ef3f9507368f68f862953"',
481 silly get     'last-modified': 'Thu, 07 Apr 2022 05:22:30 GMT',
481 silly get     vary: 'Accept-Encoding',
481 silly get     'cf-cache-status': 'HIT',
481 silly get     'expect-ct': 'max-age=604800, report-uri="https://report-uri.cloudflare.com/cdn-cgi/beacon/expect-ct"',
481 silly get     'x-amz-replication-status': 'PENDING',
481 silly get     server: 'cloudflare' } ]
482 verbose etag https://registry.npmjs.org/@testing-library%2fuser-event from cache
483 verbose get saving @testing-library/user-event to /home/testworks/.npm/registry.npmjs.org/_40testing-library_252fuser-event/.cache.json
484 http 304 https://registry.npmjs.org/@emotion%2fcache
485 verbose headers { date: 'Mon, 11 Apr 2022 08:00:37 GMT',
485 verbose headers   connection: 'keep-alive',
485 verbose headers   'cf-ray': '6fa230894ca061a0-ICN',
485 verbose headers   age: '271',
485 verbose headers   'cache-control': 'public, max-age=300',
485 verbose headers   etag: '"5c1a643928ac815c5f26016ab39c7507"',
485 verbose headers   'last-modified': 'Tue, 05 Apr 2022 07:35:28 GMT',
485 verbose headers   vary: 'Accept-Encoding',
485 verbose headers   'cf-cache-status': 'HIT',
485 verbose headers   'expect-ct': 'max-age=604800, report-uri="https://report-uri.cloudflare.com/cdn-cgi/beacon/expect-ct"',
485 verbose headers   'x-amz-replication-status': 'COMPLETED',
485 verbose headers   server: 'cloudflare' }
486 silly get cb [ 304,
486 silly get   { date: 'Mon, 11 Apr 2022 08:00:37 GMT',
486 silly get     connection: 'keep-alive',
486 silly get     'cf-ray': '6fa230894ca061a0-ICN',
486 silly get     age: '271',
486 silly get     'cache-control': 'public, max-age=300',
486 silly get     etag: '"5c1a643928ac815c5f26016ab39c7507"',
486 silly get     'last-modified': 'Tue, 05 Apr 2022 07:35:28 GMT',
486 silly get     vary: 'Accept-Encoding',
486 silly get     'cf-cache-status': 'HIT',
486 silly get     'expect-ct': 'max-age=604800, report-uri="https://report-uri.cloudflare.com/cdn-cgi/beacon/expect-ct"',
486 silly get     'x-amz-replication-status': 'COMPLETED',
486 silly get     server: 'cloudflare' } ]
487 verbose etag https://registry.npmjs.org/@emotion%2fcache from cache
488 verbose get saving @emotion/cache to /home/testworks/.npm/registry.npmjs.org/_40emotion_252fcache/.cache.json
489 http 304 https://registry.npmjs.org/@emotion%2fstyled
490 verbose headers { date: 'Mon, 11 Apr 2022 08:00:37 GMT',
490 verbose headers   connection: 'keep-alive',
490 verbose headers   'cf-ray': '6fa230894a160f98-ICN',
490 verbose headers   age: '271',
490 verbose headers   'cache-control': 'public, max-age=300',
490 verbose headers   etag: '"1d204ea85f76080065a6ef73fd366f48"',
490 verbose headers   'last-modified': 'Tue, 05 Apr 2022 07:35:34 GMT',
490 verbose headers   vary: 'Accept-Encoding',
490 verbose headers   'cf-cache-status': 'HIT',
490 verbose headers   'expect-ct': 'max-age=604800, report-uri="https://report-uri.cloudflare.com/cdn-cgi/beacon/expect-ct"',
490 verbose headers   'x-amz-replication-status': 'PENDING',
490 verbose headers   server: 'cloudflare' }
491 silly get cb [ 304,
491 silly get   { date: 'Mon, 11 Apr 2022 08:00:37 GMT',
491 silly get     connection: 'keep-alive',
491 silly get     'cf-ray': '6fa230894a160f98-ICN',
491 silly get     age: '271',
491 silly get     'cache-control': 'public, max-age=300',
491 silly get     etag: '"1d204ea85f76080065a6ef73fd366f48"',
491 silly get     'last-modified': 'Tue, 05 Apr 2022 07:35:34 GMT',
491 silly get     vary: 'Accept-Encoding',
491 silly get     'cf-cache-status': 'HIT',
491 silly get     'expect-ct': 'max-age=604800, report-uri="https://report-uri.cloudflare.com/cdn-cgi/beacon/expect-ct"',
491 silly get     'x-amz-replication-status': 'PENDING',
491 silly get     server: 'cloudflare' } ]
492 verbose etag https://registry.npmjs.org/@emotion%2fstyled from cache
493 verbose get saving @emotion/styled to /home/testworks/.npm/registry.npmjs.org/_40emotion_252fstyled/.cache.json
494 http 304 https://registry.npmjs.org/@mui%2fmaterial
495 verbose headers { date: 'Mon, 11 Apr 2022 08:00:37 GMT',
495 verbose headers   connection: 'keep-alive',
495 verbose headers   'cf-ray': '6fa230894a4461ad-ICN',
495 verbose headers   age: '272',
495 verbose headers   'cache-control': 'public, max-age=300',
495 verbose headers   etag: '"3a8df4e7de7818e7933f91081d00d62c"',
495 verbose headers   'last-modified': 'Wed, 06 Apr 2022 06:53:14 GMT',
495 verbose headers   vary: 'Accept-Encoding',
495 verbose headers   'cf-cache-status': 'HIT',
495 verbose headers   'expect-ct': 'max-age=604800, report-uri="https://report-uri.cloudflare.com/cdn-cgi/beacon/expect-ct"',
495 verbose headers   'x-amz-replication-status': 'COMPLETED',
495 verbose headers   server: 'cloudflare' }
496 silly get cb [ 304,
496 silly get   { date: 'Mon, 11 Apr 2022 08:00:37 GMT',
496 silly get     connection: 'keep-alive',
496 silly get     'cf-ray': '6fa230894a4461ad-ICN',
496 silly get     age: '272',
496 silly get     'cache-control': 'public, max-age=300',
496 silly get     etag: '"3a8df4e7de7818e7933f91081d00d62c"',
496 silly get     'last-modified': 'Wed, 06 Apr 2022 06:53:14 GMT',
496 silly get     vary: 'Accept-Encoding',
496 silly get     'cf-cache-status': 'HIT',
496 silly get     'expect-ct': 'max-age=604800, report-uri="https://report-uri.cloudflare.com/cdn-cgi/beacon/expect-ct"',
496 silly get     'x-amz-replication-status': 'COMPLETED',
496 silly get     server: 'cloudflare' } ]
497 verbose etag https://registry.npmjs.org/@mui%2fmaterial from cache
498 verbose get saving @mui/material to /home/testworks/.npm/registry.npmjs.org/_40mui_252fmaterial/.cache.json
499 verbose stack Error: Missing required argument #1
499 verbose stack     at andLogAndFinish (/usr/share/npm/lib/fetch-package-metadata.js:31:3)
499 verbose stack     at fetchPackageMetadata (/usr/share/npm/lib/fetch-package-metadata.js:51:22)
499 verbose stack     at resolveWithNewModule (/usr/share/npm/lib/install/deps.js:456:12)
499 verbose stack     at /usr/share/npm/lib/install/deps.js:457:7
499 verbose stack     at /usr/share/npm/node_modules/iferr/index.js:13:50
499 verbose stack     at /usr/share/npm/lib/fetch-package-metadata.js:37:12
499 verbose stack     at addRequestedAndFinish (/usr/share/npm/lib/fetch-package-metadata.js:82:5)
499 verbose stack     at returnAndAddMetadata (/usr/share/npm/lib/fetch-package-metadata.js:117:7)
499 verbose stack     at pickVersionFromRegistryDocument (/usr/share/npm/lib/fetch-package-metadata.js:134:20)
499 verbose stack     at /usr/share/npm/node_modules/iferr/index.js:13:50
500 verbose cwd /home/testworks/Downloads/marinelink/web-src
501 error Linux 4.15.0-173-generic
502 error argv "/usr/bin/node" "/usr/bin/npm" "install"
503 error node v8.10.0
504 error npm  v3.5.2
505 error code EMISSINGARG
506 error typeerror Error: Missing required argument #1
506 error typeerror     at andLogAndFinish (/usr/share/npm/lib/fetch-package-metadata.js:31:3)
506 error typeerror     at fetchPackageMetadata (/usr/share/npm/lib/fetch-package-metadata.js:51:22)
506 error typeerror     at resolveWithNewModule (/usr/share/npm/lib/install/deps.js:456:12)
506 error typeerror     at /usr/share/npm/lib/install/deps.js:457:7
506 error typeerror     at /usr/share/npm/node_modules/iferr/index.js:13:50
506 error typeerror     at /usr/share/npm/lib/fetch-package-metadata.js:37:12
506 error typeerror     at addRequestedAndFinish (/usr/share/npm/lib/fetch-package-metadata.js:82:5)
506 error typeerror     at returnAndAddMetadata (/usr/share/npm/lib/fetch-package-metadata.js:117:7)
506 error typeerror     at pickVersionFromRegistryDocument (/usr/share/npm/lib/fetch-package-metadata.js:134:20)
506 error typeerror     at /usr/share/npm/node_modules/iferr/index.js:13:50
507 error typeerror This is an error with npm itself. Please report this error at:
507 error typeerror     <http://github.com/npm/npm/issues>
508 verbose exit [ 1, true ]
